{"logTime": "0904/181821", "correlationVector":"G1Wlu8aQXNJbxVykSJH8LF.0","action":"FeedSettingFetch_homeCloud", "result":"0", "context":{}}
{"logTime": "0904/181821", "correlationVector":"MyXKP6e63vpnFZA1BbiOWR.1","action":"SyncServerConnectionManagerRequest", "result":"SYNC_SERVER_OK", "context":{"environment":"Prod_SoutheastAsia_000j", "migrationStage":"NotStarted", "server":"GENERAL0100000N"}}
{"logTime": "0904/181821", "correlationVector":"MyXKP6e63vpnFZA1BbiOWR","action":"Initial GetUpdates", "result":"", "context":Reason: NEW_CLIENT. cV=MyXKP6e63vpnFZA1BbiOWR}
{"logTime": "0904/181821", "correlationVector":"MyXKP6e63vpnFZA1BbiOWR.2","action":"GetUpdates Response", "result":"SYNCER_OK", "context":Received 1 update(s). cV=MyXKP6e63vpnFZA1BbiOWR.0;server=GENERAL0100000N;cloudType=Consumer;environment=Prod_SoutheastAsia_000j;migrationStage=NotStarted}
{"logTime": "0904/181834", "correlationVector":"L4nS7Db9zYLH0YKCfofXsT","action":"SyncServerConnectionManagerRequest", "result":"SYNC_SERVER_OK", "context":{"environment":"", "migrationStage":"", "server":""}}
{"logTime": "0904/181834", "correlationVector":"X1a0/uEaDfAia2Rgakzaya","action":"Initial GetUpdates", "result":"", "context":Reason: NEW_CLIENT. cV=X1a0/uEaDfAia2Rgakzaya}
{"logTime": "0904/181834", "correlationVector":"X1a0/uEaDfAia2Rgakzaya.1","action":"SyncServerConnectionManagerRequest", "result":"SYNC_SERVER_OK", "context":{"environment":"Prod_SoutheastAsia_000j", "migrationStage":"NotStarted", "server":"GENERAL01000005"}}
{"logTime": "0904/181834", "correlationVector":"X1a0/uEaDfAia2Rgakzaya.2","action":"GetUpdates Response", "result":"SYNCER_OK", "context":Received 35 update(s). cV=X1a0/uEaDfAia2Rgakzaya.0;server=GENERAL01000005;cloudType=Consumer;environment=Prod_SoutheastAsia_000j;migrationStage=NotStarted}
{"logTime": "0904/181835", "correlationVector":"HrU01d0WyNBmafSNJ8qHKp","action":"Initial GetUpdates", "result":"", "context":Reason: NEWLY_SUPPORTED_DATATYPE. cV=HrU01d0WyNBmafSNJ8qHKp}
{"logTime": "0904/181835", "correlationVector":"HrU01d0WyNBmafSNJ8qHKp.1","action":"SyncServerConnectionManagerRequest", "result":"SYNC_SERVER_OK", "context":{"environment":"Prod_SoutheastAsia_000j", "migrationStage":"NotStarted", "server":"GENERAL01000016"}}
{"logTime": "0904/181835", "correlationVector":"HrU01d0WyNBmafSNJ8qHKp.2","action":"GetUpdates Response", "result":"SYNCER_OK", "context":Received 6 update(s). cV=HrU01d0WyNBmafSNJ8qHKp.0;server=GENERAL01000016;cloudType=Consumer;environment=Prod_SoutheastAsia_000j;migrationStage=NotStarted}
{"logTime": "0904/181835", "correlationVector":"lpF/tESCDoelN1P7X8Zf6q","action":"Initial GetUpdates", "result":"", "context":Reason: NEWLY_SUPPORTED_DATATYPE. cV=lpF/tESCDoelN1P7X8Zf6q}
{"logTime": "0904/181835", "correlationVector":"lpF/tESCDoelN1P7X8Zf6q.1","action":"SyncServerConnectionManagerRequest", "result":"SYNC_SERVER_OK", "context":{"environment":"Prod_SoutheastAsia_000j", "migrationStage":"NotStarted", "server":"GENERAL01000000"}}
{"logTime": "0904/181835", "correlationVector":"lpF/tESCDoelN1P7X8Zf6q.2","action":"GetUpdates Response", "result":"SYNCER_OK", "context":Received 8 update(s). cV=lpF/tESCDoelN1P7X8Zf6q.0;server=GENERAL01000000;cloudType=Consumer;environment=Prod_SoutheastAsia_000j;migrationStage=NotStarted}
{"logTime": "0904/181835", "correlationVector":"fNkncWkzSwGd520yjLrbN5","action":"Normal GetUpdate request", "result":"", "context":cV=fNkncWkzSwGd520yjLrbN5
Nudged types: Bookmarks, Device Info, User Consents
Refresh requested types: Bookmarks, Preferences, Passwords, Autofill Profiles, Autofill, Autofill Custom Data, Extensions, Extension settings, Device Info, User Consents, Send Tab To Self, Web Apps, Collection, Edge E Drop, Edge Hub App Usage, Encryption Keys}
{"logTime": "0904/181836", "correlationVector":"fNkncWkzSwGd520yjLrbN5.1","action":"SyncServerConnectionManagerRequest", "result":"SYNC_SERVER_OK", "context":{"environment":"Prod_SoutheastAsia_000j", "migrationStage":"NotStarted", "server":"GENERAL01000007"}}
{"logTime": "0904/181836", "correlationVector":"fNkncWkzSwGd520yjLrbN5.2","action":"GetUpdates Response", "result":"SYNCER_OK", "context":Received 0 update(s). cV=fNkncWkzSwGd520yjLrbN5.0;server=GENERAL01000007;cloudType=Consumer;environment=Prod_SoutheastAsia_000j;migrationStage=NotStarted}
{"logTime": "0904/181836", "correlationVector":"1tCX9p9SCZrO0kWPtQCEGJ","action":"Commit Request", "result":"", "context":Item count: 1
Contributing types: Device Info}
{"logTime": "0904/181837", "correlationVector":"1tCX9p9SCZrO0kWPtQCEGJ.1","action":"SyncServerConnectionManagerRequest", "result":"SYNC_SERVER_OK", "context":{"environment":"Prod_SoutheastAsia_000j", "migrationStage":"NotStarted", "server":"GENERAL0100001H"}}
{"logTime": "0904/181837", "correlationVector":"1tCX9p9SCZrO0kWPtQCEGJ.2","action":"Commit Response", "result":"SYNCER_OK", "context":Result: SYNCER_OK. cV=1tCX9p9SCZrO0kWPtQCEGJ.0;server=GENERAL0100001H;cloudType=Consumer;environment=Prod_SoutheastAsia_000j;migrationStage=NotStarted}
{"logTime": "0904/181837", "correlationVector":"C7//AZb/d4CDp3JkzBVC65","action":"Commit Request", "result":"", "context":Item count: 3
Contributing types: Bookmarks, User Consents}
{"logTime": "0904/181838", "correlationVector":"C7//AZb/d4CDp3JkzBVC65.1","action":"SyncServerConnectionManagerRequest", "result":"SYNC_SERVER_OK", "context":{"environment":"Prod_SoutheastAsia_000j", "migrationStage":"NotStarted", "server":"GENERAL0100000L"}}
{"logTime": "0904/181838", "correlationVector":"C7//AZb/d4CDp3JkzBVC65.2","action":"Commit Response", "result":"SYNCER_OK", "context":Result: SYNCER_OK. cV=C7//AZb/d4CDp3JkzBVC65.0;server=GENERAL0100000L;cloudType=Consumer;environment=Prod_SoutheastAsia_000j;migrationStage=NotStarted}
